[0m21:12:57.339893 [debug] [MainThread]: Sending event: {'category': 'dbt', 'action': 'invocation', 'label': 'start', 'context': [<snowplow_tracker.self_describing_json.SelfDescribingJson object at 0x7919ae4ddea0>, <snowplow_tracker.self_describing_json.SelfDescribingJson object at 0x7919aeaaa770>, <snowplow_tracker.self_describing_json.SelfDescribingJson object at 0x7919aeaaa800>]}


============================== 21:12:57.345040 | a163142b-1d40-4565-a52f-dcbac7f852c8 ==============================
[0m21:12:57.345040 [info ] [MainThread]: Running with dbt=1.6.1
[0m21:12:57.345709 [debug] [MainThread]: running dbt with arguments {'printer_width': '80', 'indirect_selection': 'eager', 'log_cache_events': 'False', 'write_json': 'True', 'partial_parse': 'True', 'cache_selected_only': 'False', 'warn_error': 'None', 'fail_fast': 'False', 'profiles_dir': '/home/vscode/.dbt', 'log_path': 'logs', 'version_check': 'True', 'debug': 'False', 'use_colors': 'True', 'use_experimental_parser': 'False', 'no_print': 'None', 'quiet': 'False', 'warn_error_options': 'WarnErrorOptions(include=[], exclude=[])', 'static_parser': 'True', 'introspect': 'True', 'log_format': 'default', 'target_path': 'None', 'invocation_command': 'dbt init', 'send_anonymous_usage_stats': 'True'}
[0m21:12:57.346354 [warn ] [MainThread]: [ConfigFolderDirectory]: Unable to parse dict {'dir': PosixPath('/home/vscode/.dbt')}
[0m21:12:57.346808 [info ] [MainThread]: Creating dbt configuration folder at 
[0m21:13:13.738794 [debug] [MainThread]: Starter project path: /home/vscode/.local/lib/python3.10/site-packages/dbt/include/starter_project
[0m21:13:13.762370 [info ] [MainThread]: 
Your new dbt project "nyc_parking_violations" was created!

For more information on how to configure the profiles.yml file,
please consult the dbt documentation here:

  https://docs.getdbt.com/docs/configure-your-profile

One more thing:

Need help? Don't hesitate to reach out to us via GitHub issues or on Slack:

  https://community.getdbt.com/

Happy modeling!

[0m21:13:13.763125 [info ] [MainThread]: Setting up your profile.
[0m21:13:19.009202 [info ] [MainThread]: No sample profile found for duckdb.
[0m21:13:19.010173 [debug] [MainThread]: Command `dbt init` succeeded at 21:13:19.010007 after 21.67 seconds
[0m21:13:19.010616 [debug] [MainThread]: Sending event: {'category': 'dbt', 'action': 'invocation', 'label': 'end', 'context': [<snowplow_tracker.self_describing_json.SelfDescribingJson object at 0x7919ae4ddea0>, <snowplow_tracker.self_describing_json.SelfDescribingJson object at 0x7919b07ebc10>, <snowplow_tracker.self_describing_json.SelfDescribingJson object at 0x7919ac3b1180>]}
[0m21:13:19.011095 [debug] [MainThread]: Flushing usage events
